2021-10-06 16:22:04,493 [Worker-5: Loading available Gradle versions] INFO  o.e.b.c.i.u.g.PublishedGradleVersions - Gradle version information cache is up-to-date. Trying to read.
2021-10-06 16:23:22,907 [Worker-4: Loading available Gradle versions] INFO  o.e.b.c.i.u.g.PublishedGradleVersions - Gradle version information cache is up-to-date. Trying to read.
2021-10-06 16:23:44,100 [Worker-7: Importing Maven projects] INFO  o.e.m.c.i.l.LifecycleMappingFactory - Using org.eclipse.m2e.jdt.JarLifecycleMapping lifecycle mapping for MavenProject: generation.org:blogPessoal:0.0.1-SNAPSHOT @ C:\Users\lucas\Desktop\BlogPessoal\pom.xml.
2021-10-06 16:23:44,561 [Worker-0: Updating workspace] ERROR o.e.m.j.i.l.MavenLaunchConfigurationListener - Launch configuration ConquerdaringApplication references non-existing project conquerdaring.
org.eclipse.core.runtime.CoreException: Launch configuration ConquerdaringApplication references non-existing project conquerdaring.
	at org.eclipse.jdt.launching.JavaRuntime.abort(JavaRuntime.java:1861)
	at org.eclipse.jdt.launching.JavaRuntime.getJavaProject(JavaRuntime.java:1736)
	at org.eclipse.m2e.jdt.internal.launch.MavenLaunchConfigurationListener.updateLaunchConfiguration(MavenLaunchConfigurationListener.java:59)
	at org.eclipse.m2e.jdt.internal.launch.MavenLaunchConfigurationListener.launchConfigurationAdded(MavenLaunchConfigurationListener.java:42)
	at org.eclipse.debug.internal.core.LaunchManager$ConfigurationNotifier.run(LaunchManager.java:219)
	at org.eclipse.core.runtime.SafeRunner.run(SafeRunner.java:45)
	at org.eclipse.debug.internal.core.LaunchManager$ConfigurationNotifier.notify(LaunchManager.java:209)
	at org.eclipse.debug.internal.core.LaunchManager.launchConfigurationAdded(LaunchManager.java:2101)
	at org.eclipse.debug.internal.core.LaunchManager.projectOpened(LaunchManager.java:2193)
	at org.eclipse.debug.internal.core.LaunchManager$LaunchManagerVisitor.visit(LaunchManager.java:356)
	at org.eclipse.core.internal.events.ResourceDelta.accept(ResourceDelta.java:67)
	at org.eclipse.core.internal.events.ResourceDelta.accept(ResourceDelta.java:77)
	at org.eclipse.core.internal.events.ResourceDelta.accept(ResourceDelta.java:51)
	at org.eclipse.debug.internal.core.LaunchManager.resourceChanged(LaunchManager.java:2253)
	at org.eclipse.core.internal.events.NotificationManager$1.run(NotificationManager.java:305)
	at org.eclipse.core.runtime.SafeRunner.run(SafeRunner.java:45)
	at org.eclipse.core.internal.events.NotificationManager.notify(NotificationManager.java:295)
	at org.eclipse.core.internal.events.NotificationManager.broadcastChanges(NotificationManager.java:158)
	at org.eclipse.core.internal.resources.Workspace.broadcastPostChange(Workspace.java:381)
	at org.eclipse.core.internal.resources.Workspace.endOperation(Workspace.java:1503)
	at org.eclipse.core.internal.resources.Workspace.run(Workspace.java:2327)
	at org.eclipse.core.internal.events.NotificationManager$NotifyJob.run(NotificationManager.java:44)
	at org.eclipse.core.internal.jobs.Worker.run(Worker.java:63)
2021-10-06 16:23:44,649 [Worker-7: Importing Maven projects] INFO  o.e.m.j.i.AbstractJavaProjectConfigurator - Adding source folder /blogPessoal/src/main/java
2021-10-06 16:23:44,649 [Worker-7: Importing Maven projects] INFO  o.e.m.j.i.AbstractJavaProjectConfigurator - Adding resource folder /blogPessoal/src/main/resources
2021-10-06 16:23:44,650 [Worker-7: Importing Maven projects] INFO  o.e.m.j.i.AbstractJavaProjectConfigurator - Adding resource folder /blogPessoal/src/main/resources
2021-10-06 16:23:44,651 [Worker-7: Importing Maven projects] INFO  o.e.m.j.i.AbstractJavaProjectConfigurator - Adding source folder /blogPessoal/src/test/java
2021-10-06 16:23:44,822 [Worker-7: Importing Maven projects] INFO  o.e.m.c.i.p.ProjectConfigurationManager - Imported and configured 1 project(s) in 1 sec
2021-10-06 16:23:44,909 [Worker-7: Importing Maven projects] ERROR o.e.m.j.i.l.MavenLaunchConfigurationListener - Launch configuration ConquerdaringApplication references non-existing project conquerdaring.
org.eclipse.core.runtime.CoreException: Launch configuration ConquerdaringApplication references non-existing project conquerdaring.
	at org.eclipse.jdt.launching.JavaRuntime.abort(JavaRuntime.java:1861)
	at org.eclipse.jdt.launching.JavaRuntime.getJavaProject(JavaRuntime.java:1736)
	at org.eclipse.m2e.jdt.internal.launch.MavenLaunchConfigurationListener.updateLaunchConfiguration(MavenLaunchConfigurationListener.java:59)
	at org.eclipse.m2e.jdt.internal.launch.MavenLaunchConfigurationListener.launchConfigurationChanged(MavenLaunchConfigurationListener.java:46)
	at org.eclipse.debug.internal.core.LaunchManager$ConfigurationNotifier.run(LaunchManager.java:225)
	at org.eclipse.core.runtime.SafeRunner.run(SafeRunner.java:45)
	at org.eclipse.debug.internal.core.LaunchManager$ConfigurationNotifier.notify(LaunchManager.java:209)
	at org.eclipse.debug.internal.core.LaunchManager.launchConfigurationChanged(LaunchManager.java:2128)
	at org.eclipse.debug.internal.core.LaunchManager$LaunchManagerVisitor.visit(LaunchManager.java:376)
	at org.eclipse.core.internal.events.ResourceDelta.accept(ResourceDelta.java:67)
	at org.eclipse.core.internal.events.ResourceDelta.accept(ResourceDelta.java:77)
	at org.eclipse.core.internal.events.ResourceDelta.accept(ResourceDelta.java:77)
	at org.eclipse.core.internal.events.ResourceDelta.accept(ResourceDelta.java:77)
	at org.eclipse.core.internal.events.ResourceDelta.accept(ResourceDelta.java:77)
	at org.eclipse.core.internal.events.ResourceDelta.accept(ResourceDelta.java:77)
	at org.eclipse.core.internal.events.ResourceDelta.accept(ResourceDelta.java:77)
	at org.eclipse.core.internal.events.ResourceDelta.accept(ResourceDelta.java:51)
	at org.eclipse.debug.internal.core.LaunchManager.resourceChanged(LaunchManager.java:2253)
	at org.eclipse.core.internal.events.NotificationManager$1.run(NotificationManager.java:305)
	at org.eclipse.core.runtime.SafeRunner.run(SafeRunner.java:45)
	at org.eclipse.core.internal.events.NotificationManager.notify(NotificationManager.java:295)
	at org.eclipse.core.internal.events.NotificationManager.broadcastChanges(NotificationManager.java:158)
	at org.eclipse.core.internal.resources.Workspace.broadcastPostChange(Workspace.java:381)
	at org.eclipse.core.internal.resources.Workspace.endOperation(Workspace.java:1503)
	at org.eclipse.core.internal.resources.InternalWorkspaceJob.run(InternalWorkspaceJob.java:49)
	at org.eclipse.core.internal.jobs.Worker.run(Worker.java:63)
2021-10-06 16:23:46,358 [Worker-15: Building] INFO  o.e.m.c.i.embedder.EclipseLogger - Using 'UTF-8' encoding to copy filtered resources.
2021-10-06 16:23:46,374 [Worker-15: Building] INFO  o.e.m.c.i.embedder.EclipseLogger - Copying 1 resource
2021-10-06 16:23:46,387 [Worker-15: Building] INFO  o.e.m.c.i.embedder.EclipseLogger - Copying 0 resource
2021-10-06 16:23:46,392 [Worker-15: Building] INFO  o.e.m.c.i.embedder.EclipseLogger - Using 'UTF-8' encoding to copy filtered resources.
2021-10-06 16:23:46,393 [Worker-15: Building] INFO  o.e.m.c.i.embedder.EclipseLogger - skip non existing resourceDirectory C:\Users\lucas\Desktop\BlogPessoal\src\test\resources
2021-10-06 16:24:49,936 [Worker-5: Loading available Gradle versions] INFO  o.e.b.c.i.u.g.PublishedGradleVersions - Gradle version information cache is up-to-date. Trying to read.
2021-10-07 09:03:15,703 [Worker-2: Loading available Gradle versions] INFO  o.e.b.c.i.u.g.PublishedGradleVersions - Gradle version information cache is up-to-date. Trying to read.
2021-10-07 09:03:36,796 [Worker-2: Loading available Gradle versions] INFO  o.e.b.c.i.u.g.PublishedGradleVersions - Gradle version information cache is up-to-date. Trying to read.
